Performing C++ SOURCE FILE Test CMAKE_HAVE_LIBC_PTHREAD failed with the following output:
Change Dir: /home/ali123ata/Desktop/3/Tinification/castfunction_variables/build/CMakeFiles/CMakeTmp

Run Build Command(s):/usr/bin/make cmTC_fe5ac/fast && /usr/bin/make -f CMakeFiles/cmTC_fe5ac.dir/build.make CMakeFiles/cmTC_fe5ac.dir/build
make[1]: Entering directory '/home/ali123ata/Desktop/3/Tinification/castfunction_variables/build/CMakeFiles/CMakeTmp'
Building CXX object CMakeFiles/cmTC_fe5ac.dir/src.cxx.o
/usr/bin/c++    -DCMAKE_HAVE_LIBC_PTHREAD   -std=c++17 -o CMakeFiles/cmTC_fe5ac.dir/src.cxx.o -c /home/ali123ata/Desktop/3/Tinification/castfunction_variables/build/CMakeFiles/CMakeTmp/src.cxx
Linking CXX executable cmTC_fe5ac
/usr/bin/cmake -E cmake_link_script CMakeFiles/cmTC_fe5ac.dir/link.txt --verbose=1
/usr/bin/c++   -DCMAKE_HAVE_LIBC_PTHREAD    CMakeFiles/cmTC_fe5ac.dir/src.cxx.o  -o cmTC_fe5ac 
/usr/bin/ld: CMakeFiles/cmTC_fe5ac.dir/src.cxx.o: in function `main':
src.cxx:(.text+0x46): undefined reference to `pthread_create'
/usr/bin/ld: src.cxx:(.text+0x52): undefined reference to `pthread_detach'
/usr/bin/ld: src.cxx:(.text+0x63): undefined reference to `pthread_join'
collect2: error: ld returned 1 exit status
make[1]: *** [CMakeFiles/cmTC_fe5ac.dir/build.make:87: cmTC_fe5ac] Error 1
make[1]: Leaving directory '/home/ali123ata/Desktop/3/Tinification/castfunction_variables/build/CMakeFiles/CMakeTmp'
make: *** [Makefile:121: cmTC_fe5ac/fast] Error 2


Source file was:
#include <pthread.h>

void* test_func(void* data)
{
  return data;
}

int main(void)
{
  pthread_t thread;
  pthread_create(&thread, NULL, test_func, NULL);
  pthread_detach(thread);
  pthread_join(thread, NULL);
  pthread_atfork(NULL, NULL, NULL);
  pthread_exit(NULL);

  return 0;
}

Determining if the function pthread_create exists in the pthreads failed with the following output:
Change Dir: /home/ali123ata/Desktop/3/Tinification/castfunction_variables/build/CMakeFiles/CMakeTmp

Run Build Command(s):/usr/bin/make cmTC_20215/fast && /usr/bin/make -f CMakeFiles/cmTC_20215.dir/build.make CMakeFiles/cmTC_20215.dir/build
make[1]: Entering directory '/home/ali123ata/Desktop/3/Tinification/castfunction_variables/build/CMakeFiles/CMakeTmp'
Building CXX object CMakeFiles/cmTC_20215.dir/CheckFunctionExists.cxx.o
/usr/bin/c++    -DCHECK_FUNCTION_EXISTS=pthread_create   -std=c++17 -o CMakeFiles/cmTC_20215.dir/CheckFunctionExists.cxx.o -c /home/ali123ata/Desktop/3/Tinification/castfunction_variables/build/CMakeFiles/CheckLibraryExists/CheckFunctionExists.cxx
Linking CXX executable cmTC_20215
/usr/bin/cmake -E cmake_link_script CMakeFiles/cmTC_20215.dir/link.txt --verbose=1
/usr/bin/c++   -DCHECK_FUNCTION_EXISTS=pthread_create    CMakeFiles/cmTC_20215.dir/CheckFunctionExists.cxx.o  -o cmTC_20215  -lpthreads 
/usr/bin/ld: cannot find -lpthreads
collect2: error: ld returned 1 exit status
make[1]: *** [CMakeFiles/cmTC_20215.dir/build.make:87: cmTC_20215] Error 1
make[1]: Leaving directory '/home/ali123ata/Desktop/3/Tinification/castfunction_variables/build/CMakeFiles/CMakeTmp'
make: *** [Makefile:121: cmTC_20215/fast] Error 2



